[    0.000000] Initializing cgroup subsys cpuset
[    0.000000] Initializing cgroup subsys cpu
[    0.000000] Initializing cgroup subsys cpuacct
[    0.000000] Linux version 4.4.0-210-generic (buildd@lgw01-amd64-009) (gcc version 5.4.0 20160609 (Ubuntu 5.4.0-6ubuntu1~16.04.12) ) #242-Ubuntu SMP Fri Apr 16 09:57:56 UTC 2021 (Ubuntu 4.4.0-210.242-generic 4.4.262)
[    0.000000] Command line: BOOT_IMAGE=/boot/vmlinuz-4.4.0-210-generic root=LABEL=cloudimg-rootfs ro console=tty1 console=ttyS0
[    0.000000] KERNEL supported cpus:
[    0.000000]   Intel GenuineIntel
[    0.000000]   AMD AuthenticAMD
[    0.000000]   Centaur CentaurHauls
[    0.000000] x86/fpu: Legacy x87 FPU detected.
[    0.000000] e820: BIOS-provided physical RAM map:
[    0.000000] BIOS-e820: [mem 0x0000000000000000-0x000000000009fbff] usable
[    0.000000] BIOS-e820: [mem 0x000000000009fc00-0x000000000009ffff] reserved
[    0.000000] BIOS-e820: [mem 0x00000000000f0000-0x00000000000fffff] reserved
[    0.000000] BIOS-e820: [mem 0x0000000000100000-0x000000003ffeffff] usable
[    0.000000] BIOS-e820: [mem 0x000000003fff0000-0x000000003fffffff] ACPI data
[    0.000000] BIOS-e820: [mem 0x00000000fec00000-0x00000000fec00fff] reserved
[    0.000000] BIOS-e820: [mem 0x00000000fee00000-0x00000000fee00fff] reserved
[    0.000000] BIOS-e820: [mem 0x00000000fffc0000-0x00000000ffffffff] reserved
[    0.000000] NX (Execute Disable) protection: active
[    0.000000] SMBIOS 2.5 present.
[    0.000000] Hypervisor detected: KVM
[    0.000000] Kernel/User page tables isolation: disabled
[    0.000000] e820: last_pfn = 0x3fff0 max_arch_pfn = 0x400000000
[    0.000000] MTRR: Disabled
[    0.000000] x86/PAT: MTRRs disabled, skipping PAT initialization too.
[    0.000000] CPU MTRRs all blank - virtualized system.
[    0.000000] x86/PAT: Configuration [0-7]: WB  WT  UC- UC  WB  WT  UC- UC  
[    0.000000] found SMP MP-table at [mem 0x0009fff0-0x0009ffff] mapped at [ffff88000009fff0]
[    0.000000] Scanning 1 areas for low memory corruption
[    0.000000] RAMDISK: [mem 0x362de000-0x37166fff]
[    0.000000] ACPI: Early table checksum verification disabled
[    0.000000] ACPI: RSDP 0x00000000000E0000 000024 (v02 VBOX  )
[    0.000000] ACPI: XSDT 0x000000003FFF0030 00003C (v01 VBOX   VBOXXSDT 00000001 ASL  00000061)
[    0.000000] ACPI: FACP 0x000000003FFF00F0 0000F4 (v04 VBOX   VBOXFACP 00000001 ASL  00000061)
[    0.000000] ACPI: DSDT 0x000000003FFF0470 002325 (v02 VBOX   VBOXBIOS 00000002 INTL 20100528)
[    0.000000] ACPI: FACS 0x000000003FFF0200 000040
[    0.000000] ACPI: FACS 0x000000003FFF0200 000040
[    0.000000] ACPI: APIC 0x000000003FFF0240 00005C (v02 VBOX   VBOXAPIC 00000001 ASL  00000061)
[    0.000000] ACPI: SSDT 0x000000003FFF02A0 0001CC (v01 VBOX   VBOXCPUT 00000002 INTL 20100528)
[    0.000000] No NUMA configuration found
[    0.000000] Faking a node at [mem 0x0000000000000000-0x000000003ffeffff]
[    0.000000] NODE_DATA(0) allocated [mem 0x3ffeb000-0x3ffeffff]
[    0.000000] kvm-clock: Using msrs 4b564d01 and 4b564d00
[    0.000000] kvm-clock: cpu 0, msr 0:3ffe3001, primary cpu clock
[    0.000000] kvm-clock: using sched offset of 3615308229 cycles
[    0.000000] clocksource: kvm-clock: mask: 0xffffffffffffffff max_cycles: 0x1cd42e4dffb, max_idle_ns: 881590591483 ns
[    0.000000] Zone ranges:
[    0.000000]   DMA      [mem 0x0000000000001000-0x0000000000ffffff]
[    0.000000]   DMA32    [mem 0x0000000001000000-0x000000003ffeffff]
[    0.000000]   Normal   empty
[    0.000000]   Device   empty
[    0.000000] Movable zone start for each node
[    0.000000] Early memory node ranges
[    0.000000]   node   0: [mem 0x0000000000001000-0x000000000009efff]
[    0.000000]   node   0: [mem 0x0000000000100000-0x000000003ffeffff]
[    0.000000] Initmem setup node 0 [mem 0x0000000000001000-0x000000003ffeffff]
[    0.000000] ACPI: PM-Timer IO Port: 0x4008
[    0.000000] IOAPIC[0]: apic_id 2, version 32, address 0xfec00000, GSI 0-23
[    0.000000] ACPI: INT_SRC_OVR (bus 0 bus_irq 0 global_irq 2 dfl dfl)
[    0.000000] ACPI: INT_SRC_OVR (bus 0 bus_irq 9 global_irq 9 low level)
[    0.000000] Using ACPI (MADT) for SMP configuration information
[    0.000000] smpboot: Allowing 2 CPUs, 0 hotplug CPUs
[    0.000000] PM: Registered nosave memory: [mem 0x00000000-0x00000fff]
[    0.000000] PM: Registered nosave memory: [mem 0x0009f000-0x0009ffff]
[    0.000000] PM: Registered nosave memory: [mem 0x000a0000-0x000effff]
[    0.000000] PM: Registered nosave memory: [mem 0x000f0000-0x000fffff]
[    0.000000] e820: [mem 0x40000000-0xfebfffff] available for PCI devices
[    0.000000] Booting paravirtualized kernel on KVM
[    0.000000] clocksource: refined-jiffies: mask: 0xffffffff max_cycles: 0xffffffff, max_idle_ns: 7645519600211568 ns
[    0.000000] setup_percpu: NR_CPUS:512 nr_cpumask_bits:512 nr_cpu_ids:2 nr_node_ids:1
[    0.000000] PERCPU: Embedded 33 pages/cpu @ffff88003fc00000 s95192 r8192 d31784 u1048576
[    0.000000] Built 1 zonelists in Node order, mobility grouping on.  Total pages: 257912
[    0.000000] Policy zone: DMA32
[    0.000000] Kernel command line: BOOT_IMAGE=/boot/vmlinuz-4.4.0-210-generic root=LABEL=cloudimg-rootfs ro console=tty1 console=ttyS0
[    0.000000] PID hash table entries: 4096 (order: 3, 32768 bytes)
[    0.000000] Memory: 997796K/1048120K available (8644K kernel code, 1332K rwdata, 4044K rodata, 1492K init, 1164K bss, 50324K reserved, 0K cma-reserved)
[    0.000000] SLUB: HWalign=64, Order=0-3, MinObjects=0, CPUs=2, Nodes=1
[    0.000000] Hierarchical RCU implementation.
[    0.000000] 	Build-time adjustment of leaf fanout to 64.
[    0.000000] 	RCU restricting CPUs from NR_CPUS=512 to nr_cpu_ids=2.
[    0.000000] RCU: Adjusting geometry for rcu_fanout_leaf=64, nr_cpu_ids=2
[    0.000000] NR_IRQS:33024 nr_irqs:440 16
[    0.000000] Console: colour VGA+ 80x25
[    0.000000] console [tty1] enabled
[    0.000000] console [ttyS0] enabled
[    0.000000] tsc: Detected 3791.996 MHz processor
[    0.395151] Calibrating delay loop (skipped) preset value.. 7583.99 BogoMIPS (lpj=15167984)
[    0.400274] pid_max: default: 32768 minimum: 301
[    0.403032] ACPI: Core revision 20150930
[    0.406210] ACPI: 2 ACPI AML tables successfully acquired and loaded
[    0.410653] Security Framework initialized
[    0.413132] Yama: becoming mindful.
[    0.415367] AppArmor: AppArmor initialized
[    0.417894] Dentry cache hash table entries: 131072 (order: 8, 1048576 bytes)
[    0.426548] Inode-cache hash table entries: 65536 (order: 7, 524288 bytes)
[    0.432588] Mount-cache hash table entries: 2048 (order: 2, 16384 bytes)
[    0.436542] Mountpoint-cache hash table entries: 2048 (order: 2, 16384 bytes)
[    0.441756] Initializing cgroup subsys io
[    0.444443] Initializing cgroup subsys memory
[    0.447212] Initializing cgroup subsys devices
[    0.449874] Initializing cgroup subsys freezer
[    0.452722] Initializing cgroup subsys net_cls
[    0.455537] Initializing cgroup subsys perf_event
[    0.458456] Initializing cgroup subsys net_prio
[    0.461417] Initializing cgroup subsys hugetlb
[    0.464212] Initializing cgroup subsys pids
[    0.467435] mce: CPU supports 0 MCE banks
[    0.470094] Last level iTLB entries: 4KB 64, 2MB 8, 4MB 8
[    0.473552] Last level dTLB entries: 4KB 64, 2MB 0, 4MB 0, 1GB 4
[    0.477133] Spectre V1 : Mitigation: usercopy/swapgs barriers and __user pointer sanitization
[    0.482094] Spectre V2 : Mitigation: Enhanced IBRS
[    0.485021] Spectre V2 : Spectre v2 / SpectreRSB mitigation: Filling RSB on context switch
[    0.489848] Speculative Store Bypass: Vulnerable
[    0.516125] Freeing SMP alternatives memory: 36K
[    0.570168] ftrace: allocating 32380 entries in 127 pages
[    0.928664] smpboot: APIC(0) Converting physical 0 to logical package 0
[    0.932553] smpboot: Max logical packages: 1
[    0.944194] ..TIMER: vector=0x30 apic1=0 pin1=2 apic2=-1 pin2=-1
[    1.056327] smpboot: CPU0: Intel(R) Core(TM) i7-10700KF CPU @ 3.80GHz (family: 0x6, model: 0xa5, stepping: 0x5)
[    1.062654] Performance Events: unsupported p6 CPU model 165 no PMU driver, software events only.
[    1.122973] KVM setup paravirtual spinlock
[    1.129106] x86: Booting SMP configuration:
[    1.131628] .... node  #0, CPUs:      #1
[    1.135056] kvm-clock: cpu 1, msr 0:3ffe3041, secondary cpu clock
[    1.138220] mce: CPU supports 0 MCE banks
[    1.141434] TSC synchronization [CPU#0 -> CPU#1]:
[    1.144177] Measured 79850 cycles TSC warp between CPUs, turning off TSC clock.
[    1.148201] tsc: Marking TSC unstable due to check_tsc_sync_source failed
[    0.395070] x86: Booted up 1 node, 2 CPUs
[    0.396002] smpboot: Total of 2 processors activated (15167.98 BogoMIPS)
[    0.404008] devtmpfs: initialized
[    0.407509] evm: security.selinux
[    0.408003] evm: security.SMACK64
[    0.412002] evm: security.SMACK64EXEC
[    0.414119] evm: security.SMACK64TRANSMUTE
[    0.416011] evm: security.SMACK64MMAP
[    0.418203] evm: security.ima
[    0.420002] evm: security.capability
[    0.422293] clocksource: jiffies: mask: 0xffffffff max_cycles: 0xffffffff, max_idle_ns: 7645041785100000 ns
[    0.424018] futex hash table entries: 512 (order: 3, 32768 bytes)
[    0.428339] pinctrl core: initialized pinctrl subsystem
[    0.432330] RTC time: 23:32:27, date: 07/30/21
[    0.436616] NET: Registered protocol family 16
[    0.452008] cpuidle: using governor ladder
[    0.464006] cpuidle: using governor menu
[    0.466497] PCCT header not found.
[    0.468147] ACPI: bus type PCI registered
[    0.470554] acpiphp: ACPI Hot Plug PCI Controller Driver version: 0.5
[    0.472321] PCI: Using configuration type 1 for base access
[    0.496371] ACPI: Added _OSI(Module Device)
[    0.498608] ACPI: Added _OSI(Processor Device)
[    0.500003] ACPI: Added _OSI(3.0 _SCP Extensions)
[    0.504002] ACPI: Added _OSI(Processor Aggregator Device)
[    0.508835] ACPI: Executed 1 blocks of module-level executable AML code
[    0.516263] ACPI: Interpreter enabled
[    0.518425] ACPI: (supports S0 S5)
[    0.520012] ACPI: Using IOAPIC for interrupt routing
[    0.523043] PCI: Using host bridge windows from ACPI; if necessary, use "pci=nocrs" and report a bug
[    0.529986] ACPI: PCI Root Bridge [PCI0] (domain 0000 [bus 00-ff])
[    0.532011] acpi PNP0A03:00: _OSC: OS supports [ASPM ClockPM Segments MSI]
[    0.536480] acpi PNP0A03:00: _OSC: not requesting OS control; OS requires [ExtendedConfig ASPM ClockPM MSI]
[    0.540008] acpi PNP0A03:00: fail to add MMCONFIG information, can't access extended PCI configuration space under this bridge.
[    0.544501] PCI host bridge to bus 0000:00
[    0.548003] pci_bus 0000:00: root bus resource [io  0x0000-0x0cf7 window]
[    0.552003] pci_bus 0000:00: root bus resource [io  0x0d00-0xffff window]
[    0.556003] pci_bus 0000:00: root bus resource [mem 0x000a0000-0x000bffff window]
[    0.560004] pci_bus 0000:00: root bus resource [mem 0x40000000-0xfdffffff window]
[    0.564004] pci_bus 0000:00: root bus resource [bus 00-ff]
[    0.573162] pci 0000:00:01.1: legacy IDE quirk: reg 0x10: [io  0x01f0-0x01f7]
[    0.576002] pci 0000:00:01.1: legacy IDE quirk: reg 0x14: [io  0x03f6]
[    0.580002] pci 0000:00:01.1: legacy IDE quirk: reg 0x18: [io  0x0170-0x0177]
[    0.584002] pci 0000:00:01.1: legacy IDE quirk: reg 0x1c: [io  0x0376]
[    0.639537] pci 0000:00:07.0: quirk: [io  0x4000-0x403f] claimed by PIIX4 ACPI
[    0.640032] pci 0000:00:07.0: quirk: [io  0x4100-0x410f] claimed by PIIX4 SMB
[    0.648520] ACPI: PCI Interrupt Link [LNKA] (IRQs 5 9 10 *11)
[    0.653315] ACPI: PCI Interrupt Link [LNKB] (IRQs 5 9 *10 11)
[    0.660152] ACPI: PCI Interrupt Link [LNKC] (IRQs 5 *9 10 11)
[    0.668133] ACPI: PCI Interrupt Link [LNKD] (IRQs 5 9 10 *11)
[    0.674059] ACPI: Enabled 2 GPEs in block 00 to 07
[    0.676172] vgaarb: setting as boot device: PCI:0000:00:02.0
[    0.679306] vgaarb: device added: PCI:0000:00:02.0,decodes=io+mem,owns=io+mem,locks=none
[    0.680007] vgaarb: loaded
[    0.684003] vgaarb: bridge control possible 0000:00:02.0
[    0.688215] SCSI subsystem initialized
[    0.690524] ACPI: bus type USB registered
[    0.692033] usbcore: registered new interface driver usbfs
[    0.696041] usbcore: registered new interface driver hub
[    0.700011] usbcore: registered new device driver usb
[    0.704347] PCI: Using ACPI for IRQ routing
[    0.708547] NetLabel: Initializing
[    0.710556] NetLabel:  domain hash size = 128
[    0.712002] NetLabel:  protocols = UNLABELED CIPSOv4
[    0.716014] NetLabel:  unlabeled traffic allowed by default
[    0.720089] amd_nb: Cannot enumerate AMD northbridges
[    0.724250] clocksource: Switched to clocksource kvm-clock
[    0.731213] AppArmor: AppArmor Filesystem Enabled
[    0.731213] pnp: PnP ACPI init
[    0.731213] pnp: PnP ACPI: found 3 devices
[    0.791578] clocksource: acpi_pm: mask: 0xffffff max_cycles: 0xffffff, max_idle_ns: 2085701024 ns
[    0.792461] NET: Registered protocol family 2
[    0.799849] TCP established hash table entries: 8192 (order: 4, 65536 bytes)
[    0.804396] TCP bind hash table entries: 8192 (order: 5, 131072 bytes)
[    0.808432] TCP: Hash tables configured (established 8192 bind 8192)
[    0.812042] UDP hash table entries: 512 (order: 2, 16384 bytes)
[    0.812042] UDP-Lite hash table entries: 512 (order: 2, 16384 bytes)
[    0.812042] NET: Registered protocol family 1
[    0.812042] pci 0000:00:00.0: Limiting direct PCI/PCI transfers
[    0.812042] pci 0000:00:01.0: Activating ISA DMA hang workarounds
[    0.812042] Unpacking initramfs...
[    1.100010] Freeing initrd memory: 14884K
[    1.100010] clocksource: tsc: mask: 0xffffffffffffffff max_cycles: 0x6d519f0e7d5, max_idle_ns: 881590952871 ns
[    1.100010] platform rtc_cmos: registered platform RTC device (no PNP device found)
[    1.100010] Scanning for low memory corruption every 60 seconds
[    1.149385] audit: initializing netlink subsys (disabled)
[    1.154504] audit: type=2000 audit(1627687952.765:1): initialized
[    1.158285] Initialise system trusted keyring
[    1.161746] HugeTLB registered 2 MB page size, pre-allocated 0 pages
[    1.167062] zbud: loaded
[    1.169562] VFS: Disk quotas dquot_6.6.0
[    1.172173] VFS: Dquot-cache hash table entries: 512 (order 0, 4096 bytes)
[    1.176500] squashfs: version 4.0 (2009/01/31) Phillip Lougher
[    1.180847] fuse init (API version 7.23)
[    1.183827] Key type big_key registered
[    1.186231] Allocating IMA MOK and blacklist keyrings.
[    1.196433] Key type asymmetric registered
[    1.198816] Asymmetric key parser 'x509' registered
[    1.201805] Block layer SCSI generic (bsg) driver version 0.4 loaded (major 249)
[    1.206286] io scheduler noop registered
[    1.208690] io scheduler deadline registered (default)
[    1.211574] io scheduler cfq registered
[    1.213992] pci_hotplug: PCI Hot Plug PCI Core version: 0.5
[    1.217138] pciehp: PCI Express Hot Plug Controller Driver version: 0.4
[    1.220939] ACPI: AC Adapter [AC] (on-line)
[    1.223344] input: Power Button as /devices/LNXSYSTM:00/LNXPWRBN:00/input/input0
[    1.227631] ACPI: Power Button [PWRF]
[    1.230166] input: Sleep Button as /devices/LNXSYSTM:00/LNXSLPBN:00/input/input1
[    1.234436] ACPI: Sleep Button [SLPF]
[    1.237130] GHES: HEST is not enabled!
[    1.239624] Serial: 8250/16550 driver, 32 ports, IRQ sharing enabled
[    1.266922] 00:02: ttyS0 at I/O 0x3f8 (irq = 4, base_baud = 115200) is a 16550A
[    1.279989] Linux agpgart interface v0.103
[    1.293135] loop: module loaded
[    1.296776] scsi host0: ata_piix
[    1.299230] scsi host1: ata_piix
[    1.301427] ata1: PATA max UDMA/33 cmd 0x1f0 ctl 0x3f6 bmdma 0xd000 irq 14
[    1.305290] ata2: PATA max UDMA/33 cmd 0x170 ctl 0x376 bmdma 0xd008 irq 15
[    1.309391] libphy: Fixed MDIO Bus: probed
[    1.312151] tun: Universal TUN/TAP device driver, 1.6
[    1.315093] tun: (C) 1999-2004 Max Krasnyansky <maxk@qualcomm.com>
[    1.319058] PPP generic driver version 2.4.2
[    1.322075] ehci_hcd: USB 2.0 'Enhanced' Host Controller (EHCI) Driver
[    1.325788] ehci-pci: EHCI PCI platform driver
[    1.328434] ehci-platform: EHCI generic platform driver
[    1.331571] ohci_hcd: USB 1.1 'Open' Host Controller (OHCI) Driver
[    1.335105] ohci-pci: OHCI PCI platform driver
[    1.337811] ohci-platform: OHCI generic platform driver
[    1.340950] uhci_hcd: USB Universal Host Controller Interface driver
[    1.344655] i8042: PNP: PS/2 Controller [PNP0303:PS2K,PNP0f03:PS2M] at 0x60,0x64 irq 1,12
[    1.351560] serio: i8042 KBD port at 0x60,0x64 irq 1
[    1.354443] serio: i8042 AUX port at 0x60,0x64 irq 12
[    1.357908] mousedev: PS/2 mouse device common for all mice
[    1.363757] rtc_cmos rtc_cmos: rtc core: registered rtc_cmos as rtc0
[    1.367764] input: AT Translated Set 2 keyboard as /devices/platform/i8042/serio0/input/input2
[    1.373127] rtc_cmos rtc_cmos: alarms up to one day, 114 bytes nvram
[    1.378935] i2c /dev entries driver
[    1.383041] device-mapper: uevent: version 1.0.3
[    1.387708] device-mapper: ioctl: 4.34.0-ioctl (2015-10-28) initialised: dm-devel@redhat.com
[    1.393548] ledtrig-cpu: registered to indicate activity on CPUs
[    1.398673] NET: Registered protocol family 10
[    1.402112] NET: Registered protocol family 17
[    1.404998] Key type dns_resolver registered
[    1.408400] registered taskstats version 1
[    1.411132] Loading compiled-in X.509 certificates
[    1.414947] Loaded X.509 cert 'Build time autogenerated kernel key: cf00e047681d67edb2720680708b7d9498083038'
[    1.420878] zswap: loaded using pool lzo/zbud
[    1.425818] Key type trusted registered
[    1.432606] Key type encrypted registered
[    1.435190] AppArmor: AppArmor sha1 policy hashing enabled
[    1.439001] ima: No TPM chip found, activating TPM-bypass!
[    1.442576] ima: Allocated hash algorithm: sha1
[    1.445542] evm: HMAC attrs: 0x1
[    1.448418]   Magic number: 13:181:556
[    1.451165] rtc_cmos rtc_cmos: setting system clock to 2021-07-30 23:32:28 UTC (1627687948)
[    1.456643] BIOS EDD facility v0.16 2004-Jun-25, 0 devices found
[    1.460370] EDD information not available.
[    1.507259] Freeing unused kernel memory: 1492K
[    1.510279] Write protecting the kernel read-only data: 14336k
[    1.515698] Freeing unused kernel memory: 1584K
[    1.518970] Freeing unused kernel memory: 52K
Loading, please wait...
starting version 229
[    1.538632] random: systemd-udevd: uninitialized urandom read (16 bytes read, 5 bits of entropy available)
[    1.538642] random: udevadm: uninitialized urandom read (16 bytes read, 5 bits of entropy available)
[    1.538654] random: udevadm: uninitialized urandom read (16 bytes read, 5 bits of entropy available)
[    1.546398] random: udevadm: uninitialized urandom read (16 bytes read, 5 bits of entropy available)
[    1.546420] random: udevadm: uninitialized urandom read (16 bytes read, 5 bits of entropy available)
[    1.546523] random: udevadm: uninitialized urandom read (16 bytes read, 5 bits of entropy available)
[    1.546572] random: udevadm: uninitialized urandom read (16 bytes read, 5 bits of entropy available)
[    1.546600] random: udevadm: uninitialized urandom read (16 bytes read, 5 bits of entropy available)
[    1.546660] random: udevadm: uninitialized urandom read (16 bytes read, 5 bits of entropy available)
[    1.546686] random: udevadm: uninitialized urandom read (16 bytes read, 5 bits of entropy available)
[    1.620943] e1000: Intel(R) PRO/1000 Network Driver - version 7.3.21-k8-NAPI
[    1.625377] e1000: Copyright (c) 1999-2006 Intel Corporation.
[    1.633983] Fusion MPT base driver 3.04.20
[    1.636788] Copyright (c) 1999-2008 LSI Corporation
[    1.669861] Fusion MPT SPI Host driver 3.04.20
[    1.870773] input: ImExPS/2 Generic Explorer Mouse as /devices/platform/i8042/serio1/input/input4
[    2.171552] e1000 0000:00:03.0 eth0: (PCI:33MHz:32-bit) 02:0f:93:65:62:e0
[    2.175628] e1000 0000:00:03.0 eth0: Intel(R) PRO/1000 Network Connection
[    2.181301] e1000 0000:00:03.0 enp0s3: renamed from eth0
[    2.184831] mptbase: ioc0: Initiating bringup
[    2.249502] ioc0: LSI53C1030 A0: Capabilities={Initiator}
[    2.421517] scsi host2: ioc0: LSI53C1030 A0, FwRev=00000000h, Ports=1, MaxQ=256, IRQ=20
[    2.537617] scsi 2:0:0:0: Direct-Access     VBOX     HARDDISK         1.0  PQ: 0 ANSI: 5
[    2.542456] scsi target2:0:0: Beginning Domain Validation
[    2.550760] scsi target2:0:0: Domain Validation skipping write tests
[    2.554429] scsi target2:0:0: Ending Domain Validation
[    2.557581] scsi target2:0:0: asynchronous
[    2.562159] scsi 2:0:1:0: Direct-Access     VBOX     HARDDISK         1.0  PQ: 0 ANSI: 5
[    2.566125] scsi target2:0:1: Beginning Domain Validation
[    2.575282] scsi target2:0:1: Domain Validation skipping write tests
[    2.578952] scsi target2:0:1: Ending Domain Validation
[    2.582067] scsi target2:0:1: asynchronous
[    2.606544] sd 2:0:0:0: Attached scsi generic sg0 type 0
[    2.607057] sd 2:0:0:0: [sda] 83886080 512-byte logical blocks: (42.9 GB/40.0 GiB)
[    2.607519] sd 2:0:0:0: [sda] Write Protect is off
[    2.607812] sd 2:0:0:0: [sda] Incomplete mode parameter data
[    2.607813] sd 2:0:0:0: [sda] Assuming drive cache: write through
[    2.614270]  sda: sda1
[    2.616303] sd 2:0:0:0: [sda] Attached SCSI disk
[    2.631816] sd 2:0:1:0: Attached scsi generic sg1 type 0
[    2.632435] sd 2:0:1:0: [sdb] 20480 512-byte logical blocks: (10.5 MB/10.0 MiB)
[    2.632876] sd 2:0:1:0: [sdb] Write Protect is off
[    2.633220] sd 2:0:1:0: [sdb] Incomplete mode parameter data
[    2.633221] sd 2:0:1:0: [sdb] Assuming drive cache: write through
[    2.638012] sd 2:0:1:0: [sdb] Attached SCSI disk
Begin: Loading essential drivers ... [    4.110633] md: linear personality registered for level -1
[    4.117380] md: multipath personality registered for level -4
[    4.124198] md: raid0 personality registered for level 0
[    4.137144] md: raid1 personality registered for level 1
[    5.081175] raid6: sse2x1   gen() 209186 MB/s
[    6.082196] raid6: sse2x1   xor() 151065 MB/s
[    7.074306] raid6: sse2x2   gen() 316807 MB/s
[    9.081810] raid6: sse2x2   xor() 212886 MB/s
[    9.153202] raid6: sse2x4   gen() 21416 MB/s
[    9.227062] raid6: sse2x4   xor() 13442 MB/s
[    9.230233] raid6: using algorithm sse2x2 gen() 316807 MB/s
[    9.233709] raid6: .... xor() 212886 MB/s, rmw enabled
[    9.237142] raid6: using ssse3x2 recovery algorithm
[    9.241762] xor: measuring software checksum speed
[    9.284201]    prefetch64-sse: 30785.000 MB/sec
[    9.324379]    generic_sse: 28975.000 MB/sec
[    9.326842] xor: using function: prefetch64-sse (30785.000 MB/sec)
[    9.331747] async_tx: api initialized (async)
[    9.360644] md: raid6 personality registered for level 6
[    9.363650] md: raid5 personality registered for level 5
[    9.366752] md: raid4 personality registered for level 4
[    9.383019] md: raid10 personality registered for level 10
done.
Begin: Running /scripts/init-premount ... done.
Begin: Mounting root file system ... Begin: Running /scripts/local-top ... done.
Begin: Running /scripts/local-premount ... [    9.434570] Btrfs loaded
Scanning for Btrfs filesystems
done.
Warning: fsck not present, so skipping root file system
[    9.472279] EXT4-fs (sda1): INFO: recovery required on readonly filesystem
[    9.476065] EXT4-fs (sda1): write access will be enabled during recovery
[    9.519339] EXT4-fs (sda1): recovery complete
[    9.522550] EXT4-fs (sda1): mounted filesystem with ordered data mode. Opts: (null)
done.
Begin: Running /scripts/local-bottom ... done.
Begin: Running /scripts/init-bottom ... done.
[    9.650074] systemd[1]: systemd 229 running in system mode. (+PAM +AUDIT +SELINUX +IMA +APPARMOR +SMACK +SYSVINIT +UTMP +LIBCRYPTSETUP +GCRYPT +GNUTLS +ACL +XZ -LZ4 +SECCOMP +BLKID +ELFUTILS +KMOD -IDN)
[    9.660019] systemd[1]: Detected virtualization oracle.
[    9.663114] systemd[1]: Detected architecture x86-64.

Welcome to [1mUbuntu 16.04.7 LTS[0m!

[    9.670991] systemd[1]: Set hostname to <ubuntu-xenial>.
[    9.848657] systemd[1]: Started Forward Password Requests to Wall Directory Watch.
[[0;32m  OK  [0m] Started Forward Password Requests to Wall Directory Watch.
[    9.856372] systemd[1]: Reached target Encrypted Volumes.
[[0;32m  OK  [0m] Reached target Encrypted Volumes.
[    9.862711] systemd[1]: Listening on /dev/initctl Compatibility Named Pipe.
[[0;32m  OK  [0m] Listening on /dev/initctl Compatibility Named Pipe.
[    9.870608] systemd[1]: Listening on fsck to fsckd communication Socket.
[[0;32m  OK  [0m] Listening on fsck to fsckd communication Socket.
[    9.877200] systemd[1]: Listening on Journal Socket.
[[0;32m  OK  [0m] Listening on Journal Socket.
[    9.884406] systemd[1]: Listening on Syslog Socket.
[[0;32m  OK  [0m] Listening on Syslog Socket.
[    9.890302] systemd[1]: Listening on Journal Audit Socket.
[[0;32m  OK  [0m] Listening on Journal Audit Socket.
[    9.895929] systemd[1]: Listening on Device-mapper event daemon FIFOs.
[[0;32m  OK  [0m] Listening on Device-mapper event daemon FIFOs.
[    9.903204] systemd[1]: Created slice System Slice.
[[0;32m  OK  [0m] Created slice System Slice.
[    9.924439] systemd[1]: Starting File System Check on Root Device...
         Starting File System Check on Root Device...
[    9.933186] systemd[1]: Starting Set console keymap...
         Starting Set console keymap...
[    9.941059] systemd[1]: Created slice system-serial\x2dgetty.slice.
[[0;32m  OK  [0m] Created slice system-serial\x2dgetty.slice.
[    9.957590] systemd[1]: Reached target Swap.
[[0;32m  OK  [0m] Reached target Swap.
[    9.970578] systemd[1]: Started Trigger resolvconf update for networkd DNS.
[[0;32m  OK  [0m] Started Trigger resolvconf update for networkd DNS.
[    9.996897] systemd[1]: Starting Uncomplicated firewall...
         Starting Uncomplicated firewall...
[   10.005144] systemd[1]: Listening on LVM2 poll daemon socket.
[[0;32m  OK  [0m] Listening on LVM2 poll daemon socket.
[   10.013130] systemd[1]: Reached target User and Group Name Lookups.
[[0;32m  OK  [0m] Reached target User and Group Name Lookups.
[   10.021630] systemd[1]: Set up automount Arbitrary Executable File Formats File System Automount Point.
[[0;32m  OK  [0m] Set up automount Arbitrary Executab...ats File System Automount Point.
[   10.037660] systemd[1]: Listening on Journal Socket (/dev/log).
[[0;32m  OK  [0m] Listening on Journal Socket (/dev/log).
[   10.060984] systemd[1]: Starting Journal Service...
         Starting Journal Service...
[   10.071112] systemd[1]: Listening on udev Kernel Socket.
[[0;32m  OK  [0m] Listening on udev Kernel Socket.
[   10.081845] systemd[1]: Starting Create list of required static device nodes for the current kernel...
         Starting Create list of required st... nodes for the current kernel...
[   10.093887] systemd[1]: Starting Nameserver information manager...
         Starting Nameserver information manager...
[   10.102355] systemd[1]: Created slice User and Session Slice.
[[0;32m  OK  [0m] Created slice User and Session Slice.
[   10.111176] systemd[1]: Reached target Slices.
[[0;32m  OK  [0m] Reached target Slices.
[   10.119498] systemd[1]: Mounting POSIX Message Queue File System...
         Mounting POSIX Message Queue File System...
[   10.128843] systemd[1]: Mounting Debug File System...
         Mounting Debug File System...
[   10.135429] systemd[1]: Listening on LVM2 metadata daemon socket.
[[0;32m  OK  [0m] Listening on LVM2 metadata daemon socket.
[   10.144791] systemd[1]: Starting Monitoring of LVM2 mirrors, snapshots etc. using dmeventd or progress polling...
         Starting Monitoring of LVM2 mirrors... dmeventd or progress polling...
[   10.160523] systemd[1]: Starting Load Kernel Modules...
         Starting Load Kernel Modules...
[   10.175201] systemd[1]: Reached target System Time Synchronized.
[[0;32m  OK  [0m] Reached target System Time Synchronized.
[   10.185114] systemd[1]: Listening on udev Control Socket.
[[0;32m  OK  [0m] [   10.193032] Loading iSCSI transport class v2.0-870.
Listening on udev Control Socket.
[   10.199707] systemd[1]: Mounting Huge Pages File System...
         Mounting Huge Pages File System...
[   10.211883] iscsi: registered transport (tcp)
[   10.216117] systemd[1]: Mounted Huge Pages File System.
[[0;32m  OK  [0m] Mounted Huge Pages File System.
[   10.225469] systemd[1]: Mounted Debug File System.
[[0;32m  OK  [0m] Mounted Debug File System.
[   10.234780] systemd[1]: Mounted POSIX Message Queue File System.
[[0;32m  OK  [0m] Mounted POSIX Message Queue File System.
[   10.245259] systemd[1]: Started Journal Service.
[[0;32m  OK  [0m] Started Journal Service.
[[0;32m  OK  [0m] Started File System Check on Root Device.
[[0;32m  OK  [0m] Started Set console keymap.
[[0;32m  OK  [0m] Started Uncomplicated firewall.
[[0;32m  OK  [0m] Started Create list of required sta...ce nodes for the current kernel.
[   10.283372] iscsi: registered transport (iser)
[[0;32m  OK  [0m] Started Load Kernel Modules.
[[0;32m  OK  [0m] Started Nameserver information manager.
[[0;32m  OK  [0m] Started File System Check Daemon to report status.
[[0;32m  OK  [0m] Started LVM2 metadata daemon.
         Mounting FUSE Control File System...
         Starting Apply Kernel Variables...
         Starting Create Static Device Nodes in /dev...
         Starting Remount Root and Kernel File Systems...
[[0;32m  OK  [0m] Mounted FUSE Control File System.
[[0;32m  OK  [0m] Started Apply Kernel Variables.
[[0;32m  OK  [0m] Started Create Static Device Nodes in /dev.
[[0;32m  OK  [0m] Started Remount Root and Kernel File Systems.
         Starting Load/Save Random Seed...
         Starting Flush Journal to Persistent Storage...
         Starting udev Coldplug all Devices...
         Starting udev Kernel Device Manager...
[[0;32m  OK  [0m] Started Load/Save Random Seed.
[[0;32m  OK  [0m] Started Flush Journal to Persistent Storage.
[[0;32m  OK  [0m] Started udev Kernel Device Manager.
[[0;32m  OK  [0m] Started udev Coldplug all Devices.
[[0;32m  OK  [0m] Started Dispatch Password Requests to Console Directory Watch.
[[0;32m  OK  [0m] Found device /dev/ttyS0.
[[0;32m  OK  [0m] Listening on Load/Save RF Kill Switch Status /dev/rfkill Watch.
[[0;32m  OK  [0m] Found device 82540EM Gigabit Ethern...r (PRO/1000 MT Desktop Adapter).
[[0;32m  OK  [0m] Started Monitoring of LVM2 mirrors,...ng dmeventd or progress polling.
[[0;32m  OK  [0m] Reached target Local File Systems (Pre).
[[0;32m  OK  [0m] Reached target Local File Systems.
         Starting Set console font and keymap...
         Starting Initial cloud-init job (pre-networking)...
         Starting LSB: AppArmor initialization...
         Starting Create Volatile Files and Directories...
         Starting Tell Plymouth To Write Out Runtime Data...
[[0;32m  OK  [0m] Started Create Volatile Files and Directories.
[[0;32m  OK  [0m] Started Tell Plymouth To Write Out Runtime Data.
         Starting Update UTMP about System Boot/Shutdown...
[[0;32m  OK  [0m] Started Update UTMP about System Boot/Shutdown.
[[0;32m  OK  [0m] Started LSB: AppArmor initialization.
         Starting Load AppArmor profiles managed internally by snapd...
[[0;32m  OK  [0m] Started Load AppArmor profiles managed internally by snapd.
[[0;32m  OK  [0m] Started Set console font and keymap.
[[0;32m  OK  [0m] Created slice system-getty.slice.
[   12.280965] cloud-init[603]: Cloud-init v. 21.1-19-gbad84ad4-0ubuntu1~16.04.2 running 'init-local' at Fri, 30 Jul 2021 23:32:39 +0000. Up 11.99 seconds.
[[0;32m  OK  [0m] Started Initial cloud-init job (pre-networking).
[[0;32m  OK  [0m] Reached target Network (Pre).
[[0;32m  OK  [0m] Started ifup for enp0s3.
         Starting Raise network interfaces...
[[0;32m  OK  [0m] Started Raise network interfaces.
[[0;32m  OK  [0m] Reached target Network.
         Starting Initial cloud-init job (metadata service crawler)...
[   12.830062] cloud-init[951]: Cloud-init v. 21.1-19-gbad84ad4-0ubuntu1~16.04.2 running 'init' at Fri, 30 Jul 2021 23:32:39 +0000. Up 12.66 seconds.
[   12.835888] cloud-init[951]: ci-info: +++++++++++++++++++++++++++++++++++++Net device info++++++++++++++++++++++++++++++++++++++
[   12.842865] cloud-init[951]: ci-info: +--------+------+---------------------------+---------------+--------+-------------------+
[   12.848451] cloud-init[951]: ci-info: | Device |  Up  |          Address          |      Mask     | Scope  |     Hw-Address    |
[   12.853918] cloud-init[951]: ci-info: +--------+------+---------------------------+---------------+--------+-------------------+[[0;32m  OK  [0m] Started Initial cloud-init job (metadata service crawler).
[[0;32m  OK  [0m] Reached target System Initialization.
[   12.865359] cloud-init[951]: ci-info: | enp0s3 | True |         10.0.2.15         | 255.255.255.0 | global | 02:0f:93:65:62:e0 |

[[0;32m  OK  [0m] Started Daily apt download activities.
[[0;32m  OK  [0m] Listening on UUID daemon activation socket.
         [   12.877011] cloud-init[951]: ci-info: | enp0s3 | True | fe80::f:93ff:fe65:62e0/64 |       .       |  link  | 02:0f:93:65:62:e0 |
[   12.877354] cloud-init[951]: ci-info: |   lo   | True |         127.0.0.1         |   255.0.0.0   |  host  |         .         |
[   12.877376] cloud-init[951]: ci-info: |   lo   | True |          ::1/128          |       .       |  host  |         .         |
[   12.877395] cloud-init[951]: ci-info: +--------+------+---------------------------+---------------+--------+-------------------+
[   12.877671] cloud-init[951]: ci-info: +++++++++++++++++++++++++++Route IPv4 info++++++++++++++++++++++++++++
[   12.877922] cloud-init[951]: ci-info: +-------+-------------+----------+---------------+-----------+-------+
[   12.878178] cloud-init[951]: ci-info: | Route | Destination | Gateway  |    Genmask    | Interface | Flags |
[   12.878423] cloud-init[951]: ci-info: +-------+-------------+----------+---------------+-----------+-------+
[   12.878673] cloud-init[951]: ci-info: |   0   |   0.0.0.0   | 10.0.2.2 |    0.0.0.0    |   enp0s3  |   UG  |
[   12.878952] cloud-init[951]: ci-info: |   1   |   10.0.2.0  | 0.0.0.0  | 255.255.255.0 |   enp0s3  |   U   |
[   12.879202] cloud-init[951]: ci-info: +-------+-------------+----------+---------------+-----------+-------+
[   12.879452] cloud-init[951]: ci-info: +++++++++++++++++++Route IPv6 info+++++++++++++++++++
[   12.879704] cloud-init[951]: ci-info: +-------+-------------+---------+-----------+-------+
[   12.879958] cloud-init[951]: ci-info: | Route | Destination | Gateway | Interface | Flags |
[   12.880504] cloud-init[951]: ci-info: +-------+-------------+---------+-----------+-------+
[   12.880761] cloud-init[951]: ci-info: |   0   |  fe80::/64  |    ::   |   enp0s3  |   U   |
[   12.881001] cloud-init[951]: ci-info: |   3   |   ff00::/8  |    ::   |   enp0s3  |   U   |
[   12.881255] cloud-init[951]: ci-info: +-------+-------------+---------+-----------+-------+
Starting Socket activation for snappy daemon.
[[0;32m  OK  [0m] Listening on ACPID Listen Socket.
[[0;32m  OK  [0m] Started Message of the Day.
[[0;32m  OK  [0m] Started Daily Cleanup of Temporary Directories.
[[0;32m  OK  [0m] Started Ubuntu Advantage update messaging.
[[0;32m  OK  [0m] Started Daily apt upgrade and clean activities.
[[0;32m  OK  [0m] Reached target Timers.
[[0;32m  OK  [0m] Listening on D-Bus System Message Bus Socket.
[[0;32m  OK  [0m] Started ACPI Events Check.
[[0;32m  OK  [0m] Reached target Paths.
         Starting LXD - unix socket.
[[0;32m  OK  [0m] Reached target Network is Online.
         Starting iSCSI initiator daemon (iscsid)...
[[0;32m  OK  [0m] Reached target Cloud-config availability.
[[0;32m  OK  [0m] Listening on Socket activation for snappy daemon.
[[0;32m  OK  [0m] Listening on LXD - unix socket.
[[0;32m  OK  [0m] Reached target Sockets.
[[0;32m  OK  [0m] Reached target Basic System.
         Starting Virtualbox guest utils...
         Starting LXD - container startup/shutdown...
[[0;32m  OK  [0m] Started ACPI event daemon.
[[0;32m  OK  [0m] Started Deferred execution scheduler.
[[0;32m  OK  [0m] Started FUSE filesystem for LXC.
         Starting System Logging Service...
         Starting /etc/rc.local Compatibility...
         Starting Login Service...
[[0;32m  OK  [0m] Started Regular background program processing daemon.
         Starting Ubuntu Advantage APT and MOTD Messages...
         Starting LSB: MD monitoring daemon...
[[0;32m  OK  [0m] Started D-Bus System Message Bus.
         Starting LSB: Record successful boot for GRUB...
         Starting Message of the Day...
         Starting OpenBSD Secure Shell server...
         Starting Accounts Service...
         Starting Snap Daemon...
[[0;32m  OK  [0m] Started System Logging Service.
[[0;32m  OK  [0m] Started iSCSI initiator daemon (iscsid).
[[0;32m  OK  [0m] Started /etc/rc.local Compatibility.
[[0;32m  OK  [0m] Started Message of the Day.
[[0;32m  OK  [0m] Started LXD - container startup/shutdown.
         Starting Login to default iSCSI targets...
[[0;32m  OK  [0m] Started Login Service.
[[0;32m  OK  [0m] Started Unattended Upgrades Shutdown.
[[0;32m  OK  [0m] Started LSB: Record successful boot for GRUB.
[[0;32m  OK  [0m] Started LSB: MD monitoring daemon.
         Starting Authenticate and Authorize Users to Run Privileged Tasks...
[[0;32m  OK  [0m] Started OpenBSD Secure Shell server.
[[0;32m  OK  [0m] Started Login to default iSCSI targets.
[[0;32m  OK  [0m] Reached target Remote File Systems (Pre).
         Mounting /vagrant...
[[0;1;31mFAILED[0m] Failed to mount /vagrant.
See 'systemctl status vagrant.mount' for details.
[[0;1;33mDEPEND[0m] Dependency failed for Remote File Systems.
         Starting LSB: Set the CPU Frequency Scaling governor to "ondemand"...
         Starting Permit User Sessions...
         Starting LSB: automatic crash report generation...
         Starting LSB: daemon to balance interrupts for SMP systems...
[[0;32m  OK  [0m] Started Authenticate and Authorize Users to Run Privileged Tasks.
[[0;32m  OK  [0m] Started Permit User Sessions.
         Starting Hold until boot process finishes up...
         Starting Terminate Plymouth Boot Screen...
[[0;32m  OK  [0m] Started Hold until boot process finishes up.
[[0;32m  OK  [0m] Started Serial Getty on ttyS0.
[[0;32m  OK  [0m] Started Getty on tty1.
[[0;32m  OK  [0m] Reached target Login Prompts.
         Starting Set console scheme...
[[0;32m  OK  [0m] Started Virtualbox guest utils.
[[0;32m  OK  [0m] Started Terminate Plymouth Boot Screen.
[[0;32m  OK  [0m] Started Accounts Service.
[[0;32m  OK  [0m] Started Set console scheme.
[[0;32m  OK  [0m] Started LSB: daemon to balance interrupts for SMP systems.
[[0;32m  OK  [0m] Started LSB: Set the CPU Frequency Scaling governor to "ondemand".
[[0;32m  OK  [0m] Started LSB: automatic crash report generation.
[[0;32m  OK  [0m] Started Snap Daemon.
         Starting Wait until snapd is fully seeded...
[[0;32m  OK  [0m] Started Wait until snapd is fully seeded.
[[0;32m  OK  [0m] Reached target Multi-User System.
[[0;32m  OK  [0m] Reached target Graphical Interface.
         Starting Update UTMP about System Runlevel Changes...
         Starting Apply the settings specified in cloud-config...
[[0;32m  OK  [0m] Started Ubuntu Advantage APT and MOTD Messages.
[[0;32m  OK  [0m] Started Update UTMP about System Runlevel Changes.
[   14.416785] cloud-init[1220]: Cloud-init v. 21.1-19-gbad84ad4-0ubuntu1~16.04.2 running 'modules:config' at Fri, 30 Jul 2021 23:32:41 +0000. Up 14.35 seconds.
[[0;32m  OK  [0m] Started Apply the settings specified in cloud-config.
         Starting Execute cloud user/final scripts...
[   14.697994] cloud-init[1231]: Cloud-init v. 21.1-19-gbad84ad4-0ubuntu1~16.04.2 running 'modules:final' at Fri, 30 Jul 2021 23:32:41 +0000. Up 14.62 seconds.
[   14.704066] cloud-init[1231]: Cloud-init v. 21.1-19-gbad84ad4-0ubuntu1~16.04.2 finished at Fri, 30 Jul 2021 23:32:41 +0000. Datasource DataSourceNoCloud [seed=/dev/sdb][dsmode=net].  Up 14.69 seconds
[[0;32m  OK  [0m] Started Execute cloud user/final scripts.
         Starting Daily apt download activities...
[[0;32m  OK  [0m] Reached target Cloud-init target.

Ubuntu 16.04.7 LTS ubuntu-xenial ttyS0

ubuntu-xenial login: 